{
  "stats": {
    "suites": 1,
    "tests": 1,
    "passes": 1,
    "pending": 0,
    "failures": 0,
    "start": "2026-02-09T16:22:23.785Z",
    "end": "2026-02-09T16:22:47.443Z",
    "duration": 23658,
    "testsRegistered": 1,
    "passPercent": 100,
    "pendingPercent": 0,
    "other": 0,
    "hasOther": false,
    "skipped": 0,
    "hasSkipped": false
  },
  "results": [
    {
      "uuid": "95475f07-b2d3-42d5-acb0-21e6bfdd30c9",
      "title": "",
      "fullFile": "cypress/e2e/checkout.cy.js",
      "file": "cypress/e2e/checkout.cy.js",
      "beforeHooks": [],
      "afterHooks": [],
      "tests": [],
      "suites": [
        {
          "uuid": "829382a5-278e-4d29-b98d-d93e7fec410f",
          "title": "Fluxo de compra com AppActions",
          "fullFile": "",
          "file": "",
          "beforeHooks": [],
          "afterHooks": [],
          "tests": [
            {
              "title": "Seleciona produto, faz login e finaliza a compra",
              "fullTitle": "Fluxo de compra com AppActions Seleciona produto, faz login e finaliza a compra",
              "timedOut": null,
              "duration": 23611,
              "state": "passed",
              "speed": "slow",
              "pass": true,
              "fail": false,
              "pending": false,
              "context": null,
              "code": "const cliente = {\n  nome: 'Adriano',\n  sobrenome: 'Silva',\n  endereco: 'Rua Exemplo, 123',\n  cidade: 'São Paulo',\n  cep: '01010-010',\n  telefone: '11999999999',\n  email: 'usuario@teste.com'\n};\n_appActions.appActions.visitarProdutos();\n_appActions.appActions.selecionarProduto('Aero Daily Fitness Tee');\ncy.wait(1000);\n_appActions.appActions.selecionarTamanhoL();\ncy.wait(1000);\n_appActions.appActions.selecionarCorBlack();\n_appActions.appActions.definirQuantidade(1);\n_appActions.appActions.adicionarAoCarrinho();\ncy.wait(2000);\n_appActions.appActions.abrirCarrinho();\n_appActions.appActions.irParaCheckout();\n_appActions.appActions.realizarLogin(cliente.email, 'senha@123');\n_appActions.appActions.preencherDadosCheckout(cliente);\n_appActions.appActions.aceitarTermos();\n_appActions.appActions.finalizarPedido();\ncy.get('.woocommerce-notice').should('contain', 'Obrigado. Seu pedido foi recebido.');",
              "err": {},
              "uuid": "231e17a2-d80c-426b-9d47-f266c1a0d1bd",
              "parentUUID": "829382a5-278e-4d29-b98d-d93e7fec410f",
              "isHook": false,
              "skipped": false
            }
          ],
          "suites": [],
          "passes": [
            "231e17a2-d80c-426b-9d47-f266c1a0d1bd"
          ],
          "failures": [],
          "pending": [],
          "skipped": [],
          "duration": 23611,
          "root": false,
          "rootEmpty": false,
          "_timeout": 2000
        }
      ],
      "passes": [],
      "failures": [],
      "pending": [],
      "skipped": [],
      "duration": 0,
      "root": true,
      "rootEmpty": true,
      "_timeout": 2000
    }
  ],
  "meta": {
    "mocha": {
      "version": "7.2.0"
    },
    "mochawesome": {
      "options": {
        "quiet": false,
        "reportFilename": "mochawesome",
        "saveHtml": true,
        "saveJson": true,
        "consoleReporter": "spec",
        "useInlineDiffs": false,
        "code": true
      },
      "version": "7.1.4"
    },
    "marge": {
      "options": {
        "reportDir": "mochawesome-report",
        "overwrite": false,
        "html": true,
        "json": true
      },
      "version": "6.3.2"
    }
  }
}