{
  "stats": {
    "suites": 1,
    "tests": 1,
    "passes": 1,
    "pending": 0,
    "failures": 0,
    "start": "2026-02-09T16:22:08.982Z",
    "end": "2026-02-09T16:22:22.429Z",
    "duration": 13447,
    "testsRegistered": 1,
    "passPercent": 100,
    "pendingPercent": 0,
    "other": 0,
    "hasOther": false,
    "skipped": 0,
    "hasSkipped": false
  },
  "results": [
    {
      "uuid": "56fb4a99-bb76-4ad8-a10d-fb64e8b55a4c",
      "title": "",
      "fullFile": "cypress/e2e/cadastroteste.cy.js",
      "file": "cypress/e2e/cadastroteste.cy.js",
      "beforeHooks": [],
      "afterHooks": [],
      "tests": [],
      "suites": [
        {
          "uuid": "f1099f30-c4d6-45c7-81b6-7c5831917cc6",
          "title": "Fluxo de criação e edição de conta",
          "fullFile": "",
          "file": "",
          "beforeHooks": [],
          "afterHooks": [],
          "tests": [
            {
              "title": "Deve criar uma conta com sucesso",
              "fullTitle": "Fluxo de criação e edição de conta Deve criar uma conta com sucesso",
              "timedOut": null,
              "duration": 13418,
              "state": "passed",
              "speed": "slow",
              "pass": true,
              "fail": false,
              "pending": false,
              "context": null,
              "code": "var nome = _faker.faker.person.firstName();\nvar email = _faker.faker.internet.email(nome);\nvar sobrenome = _faker.faker.person.lastName();\ncy.get('#reg_email').type(email);\ncy.get('#reg_password').type('teste@123');\ncy.get(':nth-child(4) > .button').click();\ncy.get('.woocommerce-MyAccount-content > :nth-child(2)').should('exist');\ncy.get('.woocommerce-MyAccount-navigation-link--edit-account > a').click();\ncy.get('#account_first_name').type(nome);\ncy.get('#account_last_name').type(sobrenome);\ncy.get('.woocommerce-Button').click();\ncy.get('.woocommerce-message').should('contain', 'Detalhes da conta modificados com sucesso.');",
              "err": {},
              "uuid": "9dbd0a8d-c56c-483d-8884-95e22157c7e2",
              "parentUUID": "f1099f30-c4d6-45c7-81b6-7c5831917cc6",
              "isHook": false,
              "skipped": false
            }
          ],
          "suites": [],
          "passes": [
            "9dbd0a8d-c56c-483d-8884-95e22157c7e2"
          ],
          "failures": [],
          "pending": [],
          "skipped": [],
          "duration": 13418,
          "root": false,
          "rootEmpty": false,
          "_timeout": 2000
        }
      ],
      "passes": [],
      "failures": [],
      "pending": [],
      "skipped": [],
      "duration": 0,
      "root": true,
      "rootEmpty": true,
      "_timeout": 2000
    }
  ],
  "meta": {
    "mocha": {
      "version": "7.2.0"
    },
    "mochawesome": {
      "options": {
        "quiet": false,
        "reportFilename": "mochawesome",
        "saveHtml": true,
        "saveJson": true,
        "consoleReporter": "spec",
        "useInlineDiffs": false,
        "code": true
      },
      "version": "7.1.4"
    },
    "marge": {
      "options": {
        "reportDir": "mochawesome-report",
        "overwrite": false,
        "html": true,
        "json": true
      },
      "version": "6.3.2"
    }
  }
}